Using pre-set license
Built from '2020.3/staging' branch; Version is '2020.3.20f1 (41c4e627c95f) revision 4310246'; Using compiler version '192528614'; Build Type 'Release'
OS: 'Windows 10 Home; OS build 19042.1288; Version 2009; 64bit' Language: 'en' Physical Memory: 32692 MB
BatchMode: 1, IsHumanControllingUs: 0, StartBugReporterOnCrash: 0, Is64bit: 1, IsPro: 0

COMMAND LINE ARGUMENTS:
C:\Program Files\Unity\Hub\Editor\2020.3.20f1\Editor\Unity.exe
-adb2
-batchMode
-noUpm
-name
AssetImportWorker0
-projectPath
C:/Users/ngmey/Documents/GitHub/Psyche-Webgame-20C
-logFile
Logs/AssetImportWorker0.log
-srvPort
56575
Successfully changed project path to: C:/Users/ngmey/Documents/GitHub/Psyche-Webgame-20C
C:/Users/ngmey/Documents/GitHub/Psyche-Webgame-20C
Using Asset Import Pipeline V2.
Refreshing native plugins compatible for Editor in 35.35 ms, found 3 plugins.
Preloading 0 native plugins for Editor in 0.00 ms.
Initialize engine version: 2020.3.20f1 (41c4e627c95f)
[Subsystems] Discovering subsystems at path C:/Program Files/Unity/Hub/Editor/2020.3.20f1/Editor/Data/Resources/UnitySubsystems
[Subsystems] Discovering subsystems at path C:/Users/ngmey/Documents/GitHub/Psyche-Webgame-20C/Assets
GfxDevice: creating device client; threaded=0
Direct3D:
    Version:  Direct3D 11.0 [level 11.1]
    Renderer: NVIDIA GeForce GTX 1080 (ID=0x1b80)
    Vendor:   
    VRAM:     8079 MB
    Driver:   27.21.14.5671
Initialize mono
Mono path[0] = 'C:/Program Files/Unity/Hub/Editor/2020.3.20f1/Editor/Data/Managed'
Mono path[1] = 'C:/Program Files/Unity/Hub/Editor/2020.3.20f1/Editor/Data/MonoBleedingEdge/lib/mono/unityjit'
Mono config path = 'C:/Program Files/Unity/Hub/Editor/2020.3.20f1/Editor/Data/MonoBleedingEdge/etc'
Using monoOptions --debugger-agent=transport=dt_socket,embedding=1,server=y,suspend=n,address=127.0.0.1:56804
Begin MonoManager ReloadAssembly
Registering precompiled unity dll's ...
Register platform support module: C:/Program Files/Unity/Hub/Editor/2020.3.20f1/Editor/Data/PlaybackEngines/WindowsStandaloneSupport/UnityEditor.WindowsStandalone.Extensions.dll
Registered in 0.001862 seconds.
Native extension for WindowsStandalone target not found
Refreshing native plugins compatible for Editor in 33.25 ms, found 3 plugins.
Preloading 0 native plugins for Editor in 0.00 ms.
Mono: successfully reloaded assembly
- Completed reload, in  0.880 seconds
Domain Reload Profiling:
	ReloadAssembly (880ms)
		BeginReloadAssembly (44ms)
			ExecutionOrderSort (0ms)
			DisableScriptedObjects (0ms)
			BackupInstance (0ms)
			ReleaseScriptingObjects (0ms)
			CreateAndSetChildDomain (1ms)
		EndReloadAssembly (341ms)
			LoadAssemblies (43ms)
			RebuildTransferFunctionScriptingTraits (0ms)
			SetupTypeCache (133ms)
			ReleaseScriptCaches (0ms)
			RebuildScriptCaches (24ms)
			SetupLoadedEditorAssemblies (130ms)
				LogAssemblyErrors (0ms)
				InitializePlatformSupportModulesInManaged (3ms)
				SetLoadedEditorAssemblies (0ms)
				RefreshPlugins (33ms)
				BeforeProcessingInitializeOnLoad (8ms)
				ProcessInitializeOnLoadAttributes (63ms)
				ProcessInitializeOnLoadMethodAttributes (23ms)
				AfterProcessingInitializeOnLoad (0ms)
				EditorAssembliesLoaded (0ms)
			ExecutionOrderSort2 (0ms)
			AwakeInstancesAfterBackupRestoration (0ms)
Platform modules already initialized, skipping
Registering precompiled user dll's ...
Registered in 0.002909 seconds.
Begin MonoManager ReloadAssembly
Native extension for WindowsStandalone target not found
Refreshing native plugins compatible for Editor in 34.33 ms, found 3 plugins.
Preloading 0 native plugins for Editor in 0.00 ms.
Mono: successfully reloaded assembly
- Completed reload, in  0.915 seconds
Domain Reload Profiling:
	ReloadAssembly (916ms)
		BeginReloadAssembly (142ms)
			ExecutionOrderSort (0ms)
			DisableScriptedObjects (4ms)
			BackupInstance (0ms)
			ReleaseScriptingObjects (0ms)
			CreateAndSetChildDomain (16ms)
		EndReloadAssembly (719ms)
			LoadAssemblies (80ms)
			RebuildTransferFunctionScriptingTraits (0ms)
			SetupTypeCache (236ms)
			ReleaseScriptCaches (0ms)
			RebuildScriptCaches (38ms)
			SetupLoadedEditorAssemblies (268ms)
				LogAssemblyErrors (0ms)
				InitializePlatformSupportModulesInManaged (3ms)
				SetLoadedEditorAssemblies (0ms)
				RefreshPlugins (34ms)
				BeforeProcessingInitializeOnLoad (55ms)
				ProcessInitializeOnLoadAttributes (159ms)
				ProcessInitializeOnLoadMethodAttributes (11ms)
				AfterProcessingInitializeOnLoad (6ms)
				EditorAssembliesLoaded (0ms)
			ExecutionOrderSort2 (0ms)
			AwakeInstancesAfterBackupRestoration (5ms)
Platform modules already initialized, skipping
========================================================================
Worker process is ready to serve import requests
Launched and connected shader compiler UnityShaderCompiler.exe after 0.06 seconds
Refreshing native plugins compatible for Editor in 0.56 ms, found 3 plugins.
Preloading 0 native plugins for Editor in 0.00 ms.
Unloading 2097 Unused Serialized files (Serialized files now loaded: 0)
System memory in use before: 93.2 MB.
System memory in use after: 93.3 MB.

Unloading 26 unused Assets to reduce memory usage. Loaded Objects now: 2536.
Total: 2.689900 ms (FindLiveObjects: 0.241800 ms CreateObjectMapping: 0.106300 ms MarkObjects: 2.280800 ms  DeleteObjects: 0.059600 ms)

AssetImportParameters requested are different than current active one (requested -> active):
  custom:framework-win-MediaFoundation: 216162199b28c13a410421893ffa2e32 -> 
  custom:video-decoder-ogg-theora: a1e56fd34408186e4bbccfd4996cb3dc -> 
  custom:container-muxer-webm: aa71ff27fc2769a1b78a27578f13a17b -> 
  custom:container-demuxer-webm: 4f35f7cbe854078d1ac9338744f61a02 -> 
  custom:container-demuxer-ogg: 62fdf1f143b41e24485cea50d1cbac27 -> 
  custom:video-encoder-webm-vp8: eb34c28f22e8b96e1ab97ce403110664 -> 
  custom:video-codec-MediaFoundation-h265: 746d11721c4dcdbdad8f713fa42b33f4 -> 
  custom:video-decoder-webm-vp8: 9c59270c3fd7afecdb556c50c9e8de78 -> 
  custom:audio-decoder-ogg-vorbis: bf7c407c2cedff20999df2af8eb42d56 -> 
  custom:audio-encoder-webm-vorbis: bf7c407c2cedff20999df2af8eb42d56 -> 
========================================================================
Received Import Request.
  path: Assets/Buttons/StartButton.prefab
  artifactKey: Guid(d2e64e872f694454f9cf79ebda257e88) Importer(815301076,1909f56bfc062723c751e8b465ee728b)
Start importing Assets/Buttons/StartButton.prefab using Guid(d2e64e872f694454f9cf79ebda257e88) Importer(815301076,1909f56bfc062723c751e8b465ee728b)  -> (artifact id: 'e699d15d7149f7c5f9d39bddfc4f9385') in 0.068234 seconds 
  Import took 0.071149 seconds .

========================================================================
Received Import Request.
  Time since last request: 0.000147 seconds.
  path: Assets/Buttons/Credits Button.prefab
  artifactKey: Guid(413e6db578db87449b2377d4619d2d02) Importer(815301076,1909f56bfc062723c751e8b465ee728b)
Start importing Assets/Buttons/Credits Button.prefab using Guid(413e6db578db87449b2377d4619d2d02) Importer(815301076,1909f56bfc062723c751e8b465ee728b)  -> (artifact id: '2ede83bf7818e1557fcc417627d7730d') in 0.007976 seconds 
  Import took 0.010415 seconds .

========================================================================
Received Import Request.
  Time since last request: 0.000164 seconds.
  path: Assets/Buttons/AgainButton.prefab
  artifactKey: Guid(56d4b26cadea3424d8f2074cab9a6d47) Importer(815301076,1909f56bfc062723c751e8b465ee728b)
Start importing Assets/Buttons/AgainButton.prefab using Guid(56d4b26cadea3424d8f2074cab9a6d47) Importer(815301076,1909f56bfc062723c751e8b465ee728b)  -> (artifact id: 'ba807c0dcae8d8281a78ca7f758136b4') in 0.007052 seconds 
  Import took 0.009654 seconds .

========================================================================
Received Import Request.
  Time since last request: 0.000148 seconds.
  path: Assets/Buttons
  artifactKey: Guid(9c3d1bdc096741e419b6984b54bf7ceb) Importer(815301076,1909f56bfc062723c751e8b465ee728b)
Start importing Assets/Buttons using Guid(9c3d1bdc096741e419b6984b54bf7ceb) Importer(815301076,1909f56bfc062723c751e8b465ee728b)  -> (artifact id: '0feb850c5411e4804aa4c4b7c0807127') in 0.004955 seconds 
  Import took 0.007416 seconds .

========================================================================
Received Import Request.
  Time since last request: 0.000146 seconds.
  path: Assets/Buttons/Exit Button.prefab
  artifactKey: Guid(946c1a9fc6540da42babecf9f848083d) Importer(815301076,1909f56bfc062723c751e8b465ee728b)
Start importing Assets/Buttons/Exit Button.prefab using Guid(946c1a9fc6540da42babecf9f848083d) Importer(815301076,1909f56bfc062723c751e8b465ee728b)  -> (artifact id: '0873b399e97d8122f8c033a84d4103cc') in 0.007727 seconds 
  Import took 0.010267 seconds .

========================================================================
Received Import Request.
  Time since last request: 1.859179 seconds.
  path: Assets/Images/Background.jpg
  artifactKey: Guid(c5be65180498f2e4f84e45b10914c011) Importer(815301076,1909f56bfc062723c751e8b465ee728b)
Start importing Assets/Images/Background.jpg using Guid(c5be65180498f2e4f84e45b10914c011) Importer(815301076,1909f56bfc062723c751e8b465ee728b)  -> (artifact id: 'fcee88467165d10227ea569010f433b7') in 0.116600 seconds 
  Import took 0.119249 seconds .

========================================================================
Received Import Request.
  Time since last request: 4.751011 seconds.
  path: Assets/Scenes/Background Page.unity
  artifactKey: Guid(ca1298c9a77a56645be7fadea1544e4a) Importer(815301076,1909f56bfc062723c751e8b465ee728b)
Start importing Assets/Scenes/Background Page.unity using Guid(ca1298c9a77a56645be7fadea1544e4a) Importer(815301076,1909f56bfc062723c751e8b465ee728b)  -> (artifact id: '4ef32fadc3ae3b769ea6c4347810773b') in 0.005436 seconds 
  Import took 0.008327 seconds .

========================================================================
Received Import Request.
  Time since last request: 0.799830 seconds.
  path: Assets/Scenes/Closing Page.unity
  artifactKey: Guid(968cc73bebc5bbb4c943fc3b618f1dc7) Importer(815301076,1909f56bfc062723c751e8b465ee728b)
Start importing Assets/Scenes/Closing Page.unity using Guid(968cc73bebc5bbb4c943fc3b618f1dc7) Importer(815301076,1909f56bfc062723c751e8b465ee728b)  -> (artifact id: '81ddbc2311dadd54677c7811a0bbf46f') in 0.005326 seconds 
  Import took 0.007836 seconds .

========================================================================
Received Import Request.
  Time since last request: 1.670561 seconds.
  path: Assets/Scenes/Start Page.unity
  artifactKey: Guid(36b5910c518d37f4fb1e1fbae2d143c2) Importer(815301076,1909f56bfc062723c751e8b465ee728b)
Start importing Assets/Scenes/Start Page.unity using Guid(36b5910c518d37f4fb1e1fbae2d143c2) Importer(815301076,1909f56bfc062723c751e8b465ee728b)  -> (artifact id: '2d908d8a8acfe8b0d29fc6c8965549cf') in 0.005454 seconds 
  Import took 0.007956 seconds .

========================================================================
Received Import Request.
  Time since last request: 16.138157 seconds.
  path: Assets/Buttons/Button Scripts
  artifactKey: Guid(cb91eec99976e6341a8feb7c0d61121d) Importer(815301076,1909f56bfc062723c751e8b465ee728b)
Start importing Assets/Buttons/Button Scripts using Guid(cb91eec99976e6341a8feb7c0d61121d) Importer(815301076,1909f56bfc062723c751e8b465ee728b)  -> (artifact id: 'f4c8cdc44f75cef0a929e47e16a721f6') in 0.005627 seconds 
  Import took 0.008290 seconds .

========================================================================
Received Import Request.
  Time since last request: 0.061620 seconds.
  path: Assets/Buttons/Button Scripts/AgainObject.prefab
  artifactKey: Guid(13238495e29330044baa5d749e437e74) Importer(815301076,1909f56bfc062723c751e8b465ee728b)
Start importing Assets/Buttons/Button Scripts/AgainObject.prefab using Guid(13238495e29330044baa5d749e437e74) Importer(815301076,1909f56bfc062723c751e8b465ee728b)  -> (artifact id: '3bc6abed47f6614c5f4773b39ede8e12') in 0.006498 seconds 
  Import took 0.009014 seconds .

========================================================================
Received Import Request.
  Time since last request: 0.000139 seconds.
  path: Assets/Buttons/Button Scripts/Credits.prefab
  artifactKey: Guid(455ecd71d830bc94ba6c314ab97f79a6) Importer(815301076,1909f56bfc062723c751e8b465ee728b)
Start importing Assets/Buttons/Button Scripts/Credits.prefab using Guid(455ecd71d830bc94ba6c314ab97f79a6) Importer(815301076,1909f56bfc062723c751e8b465ee728b)  -> (artifact id: '4259b97fa8901d10c84afe7564f41fed') in 0.006570 seconds 
  Import took 0.010361 seconds .

========================================================================
Received Import Request.
  Time since last request: 0.000144 seconds.
  path: Assets/Buttons/Button Scripts/StartObject.prefab
  artifactKey: Guid(a10114c1dab88eb4b8e4a3d1a7d4e938) Importer(815301076,1909f56bfc062723c751e8b465ee728b)
Start importing Assets/Buttons/Button Scripts/StartObject.prefab using Guid(a10114c1dab88eb4b8e4a3d1a7d4e938) Importer(815301076,1909f56bfc062723c751e8b465ee728b)  -> (artifact id: '674ed7e76b78d0ad55407064773fc2ee') in 0.006515 seconds 
  Import took 0.008914 seconds .

========================================================================
Received Import Request.
  Time since last request: 3.918202 seconds.
  path: Assets/Buttons/Button Scripts/AgainScript.cs
  artifactKey: Guid(0f9a31745336a4542a220710f762333c) Importer(815301076,1909f56bfc062723c751e8b465ee728b)
Start importing Assets/Buttons/Button Scripts/AgainScript.cs using Guid(0f9a31745336a4542a220710f762333c) Importer(815301076,1909f56bfc062723c751e8b465ee728b)  -> (artifact id: '660c818ac229b8691361157af8387259') in 0.007396 seconds 
  Import took 0.009876 seconds .

AssetImportWorkerClient::OnTransportError - code=2 error=End of file
